Using pre-set license
Built from '2020.3/staging' branch; Version is '2020.3.13f1 (71691879b7f5) revision 7432472'; Using compiler version '192528614'; Build Type 'Release'
OS: 'Windows 10 Home; OS build 19043.1083; Version 2009; 64bit' Language: 'en' Physical Memory: 16178 MB
BatchMode: 1, IsHumanControllingUs: 0, StartBugReporterOnCrash: 0, Is64bit: 1, IsPro: 0

 COMMAND LINE ARGUMENTS:
D:\Program Files (x86)\Unity Editors\2020.3.13f1\Editor\Unity.exe
-adb2
-batchMode
-noUpm
-name
AssetImportWorker0
-projectPath
D:/Documents/Masters/Thesis/GuidedJumping
-logFile
Logs/AssetImportWorker0.log
-srvPort
62357
Successfully changed project path to: D:/Documents/Masters/Thesis/GuidedJumping
D:/Documents/Masters/Thesis/GuidedJumping
Using Asset Import Pipeline V2.
Refreshing native plugins compatible for Editor in 122.99 ms, found 8 plugins.
Preloading 1 native plugins for Editor in 3.24 ms.
Initialize engine version: 2020.3.13f1 (71691879b7f5)
[Subsystems] Discovering subsystems at path D:/Program Files (x86)/Unity Editors/2020.3.13f1/Editor/Data/Resources/UnitySubsystems
[Subsystems] Discovering subsystems at path D:/Documents/Masters/Thesis/GuidedJumping/Assets
GfxDevice: creating device client; threaded=0
Direct3D:
    Version:  Direct3D 11.0 [level 11.1]
    Renderer: NVIDIA GeForce GTX 1060 with Max-Q Design (ID=0x1c20)
    Vendor:   
    VRAM:     6052 MB
    Driver:   30.0.14.7111
Initialize mono
Mono path[0] = 'D:/Program Files (x86)/Unity Editors/2020.3.13f1/Editor/Data/Managed'
Mono path[1] = 'D:/Program Files (x86)/Unity Editors/2020.3.13f1/Editor/Data/MonoBleedingEdge/lib/mono/unityjit'
Mono config path = 'D:/Program Files (x86)/Unity Editors/2020.3.13f1/Editor/Data/MonoBleedingEdge/etc'
Using monoOptions --debugger-agent=transport=dt_socket,embedding=1,server=y,suspend=n,address=127.0.0.1:56912
Begin MonoManager ReloadAssembly
Registering precompiled unity dll's ...
Register platform support module: D:/Program Files (x86)/Unity Editors/2020.3.13f1/Editor/Data/PlaybackEngines/WebGLSupport/UnityEditor.WebGL.Extensions.dll
Register platform support module: D:/Program Files (x86)/Unity Editors/2020.3.13f1/Editor/Data/PlaybackEngines/WindowsStandaloneSupport/UnityEditor.WindowsStandalone.Extensions.dll
Registered in 0.004542 seconds.
Native extension for WindowsStandalone target not found
Native extension for WebGL target not found
Refreshing native plugins compatible for Editor in 95.62 ms, found 8 plugins.
Preloading 1 native plugins for Editor in 0.13 ms.
Mono: successfully reloaded assembly
- Completed reload, in  7.374 seconds
Platform modules already initialized, skipping
Registering precompiled user dll's ...
Registered in 0.019899 seconds.
Begin MonoManager ReloadAssembly
Native extension for WindowsStandalone target not found
Native extension for WebGL target not found
Refreshing native plugins compatible for Editor in 1.19 ms, found 8 plugins.
Preloading 1 native plugins for Editor in 0.13 ms.
[XR] OculusXRPlugin: registering subsystems
[XR] Unable to register display lifecyle provider: [1]
[XR] Oculus Input lifecycle provider registered.
[XR] Unable to register input lifecyle provider: [1]
NullReferenceException: Object reference not set to an instance of an object
  at Unity.XR.Oculus.OculusLoader.AssetPathToAbsolutePath (System.String assetPath) [0x00048] in D:\Documents\Masters\Thesis\GuidedJumping\Library\PackageCache\com.unity.xr.oculus@1.9.1\Runtime\OculusLoader.cs:249 
  at Unity.XR.Oculus.OculusLoader.EditorLoadOVRPlugin () [0x0007b] in D:\Documents\Masters\Thesis\GuidedJumping\Library\PackageCache\com.unity.xr.oculus@1.9.1\Runtime\OculusLoader.cs:234 

(Filename: Library/PackageCache/com.unity.xr.oculus@1.9.1/Runtime/OculusLoader.cs Line: 249)

Mono: successfully reloaded assembly
- Completed reload, in  3.002 seconds
Platform modules already initialized, skipping
========================================================================
Worker process is ready to serve import requests
Launched and connected shader compiler UnityShaderCompiler.exe after 0.14 seconds
Refreshing native plugins compatible for Editor in 1.17 ms, found 8 plugins.
Preloading 1 native plugins for Editor in 0.13 ms.
Unloading 1733 Unused Serialized files (Serialized files now loaded: 0)
System memory in use before: 79.0 MB.
System memory in use after: 79.1 MB.

Unloading 21 unused Assets to reduce memory usage. Loaded Objects now: 2168.
Total: 4.360100 ms (FindLiveObjects: 0.306100 ms CreateObjectMapping: 0.126000 ms MarkObjects: 3.789100 ms  DeleteObjects: 0.136700 ms)

AssetImportParameters requested are different than current active one (requested -> active):
  custom:framework-win-MediaFoundation: 216162199b28c13a410421893ffa2e32 -> 
  custom:video-decoder-ogg-theora: a1e56fd34408186e4bbccfd4996cb3dc -> 
  custom:container-muxer-webm: aa71ff27fc2769a1b78a27578f13a17b -> 
  custom:container-demuxer-webm: 4f35f7cbe854078d1ac9338744f61a02 -> 
  custom:container-demuxer-ogg: 62fdf1f143b41e24485cea50d1cbac27 -> 
  custom:video-encoder-webm-vp8: eb34c28f22e8b96e1ab97ce403110664 -> 
  custom:video-decoder-webm-vp8: 9c59270c3fd7afecdb556c50c9e8de78 -> 
  custom:audio-decoder-ogg-vorbis: bf7c407c2cedff20999df2af8eb42d56 -> 
  custom:audio-encoder-webm-vorbis: bf7c407c2cedff20999df2af8eb42d56 -> 
========================================================================
Received Import Request.
  path: Assets/Resources
  artifactKey: Guid(450a55eab32a9554da8eccc34e377b2c) Importer(815301076,1909f56bfc062723c751e8b465ee728b)
Start importing Assets/Resources using Guid(450a55eab32a9554da8eccc34e377b2c) Importer(815301076,1909f56bfc062723c751e8b465ee728b)  -> (artifact id: '3394bfaa19075049ab0e061aa79a88ce') in 0.097637 seconds 
  Import took 0.120596 seconds .

========================================================================
Received Import Request.
  Time since last request: 1981.877526 seconds.
  path: Assets/Resources/museum/museum.blend
  artifactKey: Guid(ef844f846052c1d4ca13f9feaf590e73) Importer(815301076,1909f56bfc062723c751e8b465ee728b)
Start importing Assets/Resources/museum/museum.blend using Guid(ef844f846052c1d4ca13f9feaf590e73) Importer(815301076,1909f56bfc062723c751e8b465ee728b)  -> (artifact id: 'e25ed61c6e66f01dc660a55a04d47632') in 3.013874 seconds 
  Import took 3.032494 seconds .

========================================================================
Received Import Request.
  Time since last request: 0.000624 seconds.
  path: Assets/Resources/museum
  artifactKey: Guid(9f2f458f7e17092488d6f15ab025254a) Importer(815301076,1909f56bfc062723c751e8b465ee728b)
Start importing Assets/Resources/museum using Guid(9f2f458f7e17092488d6f15ab025254a) Importer(815301076,1909f56bfc062723c751e8b465ee728b)  -> (artifact id: 'c7e82047df12440de1e73aef7587dda4') in 0.005326 seconds 
  Import took 0.038963 seconds .

========================================================================
Received Import Request.
  Time since last request: 0.000712 seconds.
  path: Assets/Resources/museum/museum.blend
  artifactKey: Guid(ef844f846052c1d4ca13f9feaf590e73) Importer(815301076,1909f56bfc062723c751e8b465ee728b)
Start importing Assets/Resources/museum/museum.blend using Guid(ef844f846052c1d4ca13f9feaf590e73) Importer(815301076,1909f56bfc062723c751e8b465ee728b)  -> (artifact id: 'e25ed61c6e66f01dc660a55a04d47632') in 1.704586 seconds 
  Import took 1.715629 seconds .

========================================================================
Received Import Request.
  Time since last request: 0.000522 seconds.
  path: Assets/Resources/museum/museum.obj
  artifactKey: Guid(2de79ec9e92ed604e988baf2bee9f888) Importer(815301076,1909f56bfc062723c751e8b465ee728b)
Start importing Assets/Resources/museum/museum.obj using Guid(2de79ec9e92ed604e988baf2bee9f888) Importer(815301076,1909f56bfc062723c751e8b465ee728b)  -> (artifact id: '1f0a68981b9a8fa5590a4d258108d08e') in 0.654830 seconds 
  Import took 0.664308 seconds .

